2022-07-30 09:45:53.505  INFO 11176 --- [main] com.example.news_app.NewsAppApplication  : Starting NewsAppApplication using Java 17.0.2 on DESKTOP-U06J56I with PID 11176 (C:\Users\Doniyor\IdeaProjects\News_app\target\classes started by Doniyor in C:\Users\Doniyor\IdeaProjects\News_app)
2022-07-30 09:45:53.505  INFO 11176 --- [main] com.example.news_app.NewsAppApplication  : No active profile set, falling back to 1 default profile: "default"
2022-07-30 09:45:55.263  INFO 11176 --- [main] .s.d.r.c.RepositoryConfigurationDelegate : Bootstrapping Spring Data JPA repositories in DEFAULT mode.
2022-07-30 09:45:55.357  INFO 11176 --- [main] .s.d.r.c.RepositoryConfigurationDelegate : Finished Spring Data repository scanning in 92 ms. Found 6 JPA repository interfaces.
2022-07-30 09:45:55.670  INFO 11176 --- [main] o.s.cloud.context.scope.GenericScope     : BeanFactory id=0a8b254b-b863-3a6c-b32e-fc325be8dee9
2022-07-30 09:45:56.422  INFO 11176 --- [main] o.s.b.w.embedded.tomcat.TomcatWebServer  : Tomcat initialized with port(s): 80 (http)
2022-07-30 09:45:56.438  INFO 11176 --- [main] o.apache.catalina.core.StandardService   : Starting service [Tomcat]
2022-07-30 09:45:56.438  INFO 11176 --- [main] org.apache.catalina.core.StandardEngine  : Starting Servlet engine: [Apache Tomcat/9.0.64]
2022-07-30 09:45:56.657  INFO 11176 --- [main] o.a.c.c.C.[Tomcat].[localhost].[/]       : Initializing Spring embedded WebApplicationContext
2022-07-30 09:45:56.657  INFO 11176 --- [main] w.s.c.ServletWebServerApplicationContext : Root WebApplicationContext: initialization completed in 3015 ms
2022-07-30 09:45:57.035  INFO 11176 --- [main] o.hibernate.jpa.internal.util.LogHelper  : HHH000204: Processing PersistenceUnitInfo [name: default]
2022-07-30 09:45:57.129  INFO 11176 --- [main] org.hibernate.Version                    : HHH000412: Hibernate ORM core version 5.6.9.Final
2022-07-30 09:45:57.332  INFO 11176 --- [main] o.hibernate.annotations.common.Version   : HCANN000001: Hibernate Commons Annotations {5.1.2.Final}
2022-07-30 09:45:57.472  INFO 11176 --- [main] com.zaxxer.hikari.HikariDataSource       : HikariPool-1 - Starting...
2022-07-30 09:45:57.724  INFO 11176 --- [main] com.zaxxer.hikari.HikariDataSource       : HikariPool-1 - Start completed.
2022-07-30 09:45:57.771  INFO 11176 --- [main] org.hibernate.dialect.Dialect            : HHH000400: Using dialect: org.hibernate.dialect.PostgreSQL10Dialect
2022-07-30 09:45:59.266  INFO 11176 --- [main] o.h.e.t.j.p.i.JtaPlatformInitiator       : HHH000490: Using JtaPlatform implementation: [org.hibernate.engine.transaction.jta.platform.internal.NoJtaPlatform]
2022-07-30 09:45:59.282  INFO 11176 --- [main] j.LocalContainerEntityManagerFactoryBean : Initialized JPA EntityManagerFactory for persistence unit 'default'
2022-07-30 09:46:00.329  WARN 11176 --- [main] JpaBaseConfiguration$JpaWebConfiguration : spring.jpa.open-in-view is enabled by default. Therefore, database queries may be performed during view rendering. Explicitly configure spring.jpa.open-in-view to disable this warning
2022-07-30 09:46:01.519  INFO 11176 --- [main] o.s.s.web.DefaultSecurityFilterChain     : Will secure any request with [org.springframework.security.web.session.DisableEncodeUrlFilter@51d2d336, org.springframework.security.web.context.request.async.WebAsyncManagerIntegrationFilter@90c01ab, org.springframework.security.web.context.SecurityContextPersistenceFilter@17e66aed, org.springframework.security.web.header.HeaderWriterFilter@7095b688, org.springframework.security.web.authentication.logout.LogoutFilter@73e63b4d, com.example.news_app.security.JwtFilter@291028d7, org.springframework.security.web.savedrequest.RequestCacheAwareFilter@2f98fe6f, org.springframework.security.web.servletapi.SecurityContextHolderAwareRequestFilter@9ba167e, org.springframework.security.web.authentication.AnonymousAuthenticationFilter@39921410, org.springframework.security.web.session.SessionManagementFilter@47d4468a, org.springframework.security.web.access.ExceptionTranslationFilter@6464f017, org.springframework.security.web.access.intercept.FilterSecurityInterceptor@2dc77962]
2022-07-30 09:46:04.122  INFO 11176 --- [main] o.s.b.w.embedded.tomcat.TomcatWebServer  : Tomcat started on port(s): 80 (http) with context path ''
2022-07-30 09:46:04.184  INFO 11176 --- [main] com.example.news_app.NewsAppApplication  : Started NewsAppApplication in 11.61 seconds (JVM running for 13.391)
2022-07-30 09:49:00.956  INFO 11176 --- [http-nio-80-exec-1] o.a.c.c.C.[Tomcat].[localhost].[/]       : Initializing Spring DispatcherServlet 'dispatcherServlet'
2022-07-30 09:49:00.961  INFO 11176 --- [http-nio-80-exec-1] o.s.web.servlet.DispatcherServlet        : Initializing Servlet 'dispatcherServlet'
2022-07-30 09:49:01.013  INFO 11176 --- [http-nio-80-exec-1] o.s.web.servlet.DispatcherServlet        : Completed initialization in 52 ms
2022-07-30 09:49:01.675 ERROR 11176 --- [http-nio-80-exec-1] com.example.news_app.security.JwtFilter  : Vaqti tugagan!
2022-07-30 09:49:01.684  INFO 11176 --- [http-nio-80-exec-1] c.e.news_app.security.JwtAuthEntryPoint  : Tizimga kirishga urinish boshlandi : {}
2022-07-30 09:49:01.685  INFO 11176 --- [http-nio-80-exec-1] c.e.news_app.security.JwtAuthEntryPoint  : Tugadi..
2022-07-30 10:17:56.700  INFO 11176 --- [http-nio-80-exec-7] c.e.news_app.security.JwtAuthEntryPoint  : Tizimga kirishga urinish boshlandi : {}
2022-07-30 10:17:56.714  INFO 11176 --- [http-nio-80-exec-7] c.e.news_app.security.JwtAuthEntryPoint  : Tugadi..
2022-07-30 10:19:50.501  INFO 11176 --- [SpringApplicationShutdownHook] j.LocalContainerEntityManagerFactoryBean : Closing JPA EntityManagerFactory for persistence unit 'default'
2022-07-30 10:19:50.579  INFO 11176 --- [SpringApplicationShutdownHook] com.zaxxer.hikari.HikariDataSource       : HikariPool-1 - Shutdown initiated...
2022-07-30 10:19:50.610  INFO 11176 --- [SpringApplicationShutdownHook] com.zaxxer.hikari.HikariDataSource       : HikariPool-1 - Shutdown completed.
2022-07-30 10:20:01.156  INFO 7948 --- [main] com.example.news_app.NewsAppApplication  : Starting NewsAppApplication using Java 17.0.2 on DESKTOP-U06J56I with PID 7948 (C:\Users\Doniyor\IdeaProjects\News_app\target\classes started by Doniyor in C:\Users\Doniyor\IdeaProjects\News_app)
2022-07-30 10:20:01.156  INFO 7948 --- [main] com.example.news_app.NewsAppApplication  : No active profile set, falling back to 1 default profile: "default"
2022-07-30 10:20:02.928  INFO 7948 --- [main] .s.d.r.c.RepositoryConfigurationDelegate : Bootstrapping Spring Data JPA repositories in DEFAULT mode.
2022-07-30 10:20:03.022  INFO 7948 --- [main] .s.d.r.c.RepositoryConfigurationDelegate : Finished Spring Data repository scanning in 87 ms. Found 6 JPA repository interfaces.
2022-07-30 10:20:03.336  INFO 7948 --- [main] o.s.cloud.context.scope.GenericScope     : BeanFactory id=0a8b254b-b863-3a6c-b32e-fc325be8dee9
2022-07-30 10:20:04.055  INFO 7948 --- [main] o.s.b.w.embedded.tomcat.TomcatWebServer  : Tomcat initialized with port(s): 80 (http)
2022-07-30 10:20:04.070  INFO 7948 --- [main] o.apache.catalina.core.StandardService   : Starting service [Tomcat]
2022-07-30 10:20:04.070  INFO 7948 --- [main] org.apache.catalina.core.StandardEngine  : Starting Servlet engine: [Apache Tomcat/9.0.64]
2022-07-30 10:20:04.259  INFO 7948 --- [main] o.a.c.c.C.[Tomcat].[localhost].[/]       : Initializing Spring embedded WebApplicationContext
2022-07-30 10:20:04.259  INFO 7948 --- [main] w.s.c.ServletWebServerApplicationContext : Root WebApplicationContext: initialization completed in 3014 ms
2022-07-30 10:20:04.571  INFO 7948 --- [main] o.hibernate.jpa.internal.util.LogHelper  : HHH000204: Processing PersistenceUnitInfo [name: default]
2022-07-30 10:20:04.650  INFO 7948 --- [main] org.hibernate.Version                    : HHH000412: Hibernate ORM core version 5.6.9.Final
2022-07-30 10:20:04.868  INFO 7948 --- [main] o.hibernate.annotations.common.Version   : HCANN000001: Hibernate Commons Annotations {5.1.2.Final}
2022-07-30 10:20:04.993  INFO 7948 --- [main] com.zaxxer.hikari.HikariDataSource       : HikariPool-1 - Starting...
2022-07-30 10:20:05.196  INFO 7948 --- [main] com.zaxxer.hikari.HikariDataSource       : HikariPool-1 - Start completed.
2022-07-30 10:20:05.229  INFO 7948 --- [main] org.hibernate.dialect.Dialect            : HHH000400: Using dialect: org.hibernate.dialect.PostgreSQL10Dialect
2022-07-30 10:20:07.138  INFO 7948 --- [main] o.h.e.t.j.p.i.JtaPlatformInitiator       : HHH000490: Using JtaPlatform implementation: [org.hibernate.engine.transaction.jta.platform.internal.NoJtaPlatform]
2022-07-30 10:20:07.153  INFO 7948 --- [main] j.LocalContainerEntityManagerFactoryBean : Initialized JPA EntityManagerFactory for persistence unit 'default'
2022-07-30 10:20:08.077  WARN 7948 --- [main] JpaBaseConfiguration$JpaWebConfiguration : spring.jpa.open-in-view is enabled by default. Therefore, database queries may be performed during view rendering. Explicitly configure spring.jpa.open-in-view to disable this warning
2022-07-30 10:20:09.392  INFO 7948 --- [main] o.s.s.web.DefaultSecurityFilterChain     : Will secure any request with [org.springframework.security.web.session.DisableEncodeUrlFilter@28c00acd, org.springframework.security.web.context.request.async.WebAsyncManagerIntegrationFilter@590f806a, org.springframework.security.web.context.SecurityContextPersistenceFilter@31921151, org.springframework.security.web.header.HeaderWriterFilter@63a9af28, org.springframework.security.web.authentication.logout.LogoutFilter@241abc2, com.example.news_app.security.JwtFilter@b5311cb, org.springframework.security.web.savedrequest.RequestCacheAwareFilter@6ca97ddf, org.springframework.security.web.servletapi.SecurityContextHolderAwareRequestFilter@47d4468a, org.springframework.security.web.authentication.AnonymousAuthenticationFilter@2267b0bb, org.springframework.security.web.session.SessionManagementFilter@755a90a6, org.springframework.security.web.access.ExceptionTranslationFilter@34376069, org.springframework.security.web.access.intercept.FilterSecurityInterceptor@eb09112]
2022-07-30 10:20:12.524  INFO 7948 --- [main] o.s.b.w.embedded.tomcat.TomcatWebServer  : Tomcat started on port(s): 80 (http) with context path ''
2022-07-30 10:20:12.586  INFO 7948 --- [main] com.example.news_app.NewsAppApplication  : Started NewsAppApplication in 12.249 seconds (JVM running for 13.696)
2022-07-30 10:20:19.863  INFO 7948 --- [http-nio-80-exec-1] o.a.c.c.C.[Tomcat].[localhost].[/]       : Initializing Spring DispatcherServlet 'dispatcherServlet'
2022-07-30 10:20:19.863  INFO 7948 --- [http-nio-80-exec-1] o.s.web.servlet.DispatcherServlet        : Initializing Servlet 'dispatcherServlet'
2022-07-30 10:20:19.866  INFO 7948 --- [http-nio-80-exec-1] o.s.web.servlet.DispatcherServlet        : Completed initialization in 2 ms
2022-07-30 10:20:49.986  INFO 7948 --- [SpringApplicationShutdownHook] j.LocalContainerEntityManagerFactoryBean : Closing JPA EntityManagerFactory for persistence unit 'default'
2022-07-30 10:20:49.986  INFO 7948 --- [SpringApplicationShutdownHook] com.zaxxer.hikari.HikariDataSource       : HikariPool-1 - Shutdown initiated...
2022-07-30 10:20:50.001  INFO 7948 --- [SpringApplicationShutdownHook] com.zaxxer.hikari.HikariDataSource       : HikariPool-1 - Shutdown completed.
2022-07-30 13:39:44.068  INFO 6328 --- [main] com.example.news_app.NewsAppApplication  : Starting NewsAppApplication using Java 17.0.2 on DESKTOP-U06J56I with PID 6328 (C:\Users\Doniyor\IdeaProjects\News_app\target\classes started by Doniyor in C:\Users\Doniyor\IdeaProjects\News_app)
2022-07-30 13:39:44.078  INFO 6328 --- [main] com.example.news_app.NewsAppApplication  : No active profile set, falling back to 1 default profile: "default"
2022-07-30 13:39:46.192  INFO 6328 --- [main] .s.d.r.c.RepositoryConfigurationDelegate : Bootstrapping Spring Data JPA repositories in DEFAULT mode.
2022-07-30 13:39:46.354  INFO 6328 --- [main] .s.d.r.c.RepositoryConfigurationDelegate : Finished Spring Data repository scanning in 142 ms. Found 6 JPA repository interfaces.
2022-07-30 13:39:47.251  INFO 6328 --- [main] o.s.cloud.context.scope.GenericScope     : BeanFactory id=0a8b254b-b863-3a6c-b32e-fc325be8dee9
2022-07-30 13:39:48.458  INFO 6328 --- [main] o.s.b.w.embedded.tomcat.TomcatWebServer  : Tomcat initialized with port(s): 80 (http)
2022-07-30 13:39:48.475  INFO 6328 --- [main] o.apache.catalina.core.StandardService   : Starting service [Tomcat]
2022-07-30 13:39:48.476  INFO 6328 --- [main] org.apache.catalina.core.StandardEngine  : Starting Servlet engine: [Apache Tomcat/9.0.64]
2022-07-30 13:39:48.729  INFO 6328 --- [main] o.a.c.c.C.[Tomcat].[localhost].[/]       : Initializing Spring embedded WebApplicationContext
2022-07-30 13:39:48.730  INFO 6328 --- [main] w.s.c.ServletWebServerApplicationContext : Root WebApplicationContext: initialization completed in 4502 ms
2022-07-30 13:39:49.299  INFO 6328 --- [main] o.hibernate.jpa.internal.util.LogHelper  : HHH000204: Processing PersistenceUnitInfo [name: default]
2022-07-30 13:39:49.404  INFO 6328 --- [main] org.hibernate.Version                    : HHH000412: Hibernate ORM core version 5.6.9.Final
2022-07-30 13:39:49.759  INFO 6328 --- [main] o.hibernate.annotations.common.Version   : HCANN000001: Hibernate Commons Annotations {5.1.2.Final}
2022-07-30 13:39:49.961  INFO 6328 --- [main] com.zaxxer.hikari.HikariDataSource       : HikariPool-1 - Starting...
2022-07-30 13:39:50.483  INFO 6328 --- [main] com.zaxxer.hikari.HikariDataSource       : HikariPool-1 - Start completed.
2022-07-30 13:39:50.536  INFO 6328 --- [main] org.hibernate.dialect.Dialect            : HHH000400: Using dialect: org.hibernate.dialect.PostgreSQL10Dialect
2022-07-30 13:39:52.072  INFO 6328 --- [main] o.h.e.t.j.p.i.JtaPlatformInitiator       : HHH000490: Using JtaPlatform implementation: [org.hibernate.engine.transaction.jta.platform.internal.NoJtaPlatform]
2022-07-30 13:39:52.085  INFO 6328 --- [main] j.LocalContainerEntityManagerFactoryBean : Initialized JPA EntityManagerFactory for persistence unit 'default'
2022-07-30 13:39:53.271  WARN 6328 --- [main] JpaBaseConfiguration$JpaWebConfiguration : spring.jpa.open-in-view is enabled by default. Therefore, database queries may be performed during view rendering. Explicitly configure spring.jpa.open-in-view to disable this warning
2022-07-30 13:39:54.706  INFO 6328 --- [main] o.s.s.web.DefaultSecurityFilterChain     : Will secure any request with [org.springframework.security.web.session.DisableEncodeUrlFilter@68cc6319, org.springframework.security.web.context.request.async.WebAsyncManagerIntegrationFilter@3d0f4ac4, org.springframework.security.web.context.SecurityContextPersistenceFilter@5add7380, org.springframework.security.web.header.HeaderWriterFilter@7f5a25e2, org.springframework.security.web.authentication.logout.LogoutFilter@5570ee6d, com.example.news_app.security.JwtFilter@26a202ae, org.springframework.security.web.savedrequest.RequestCacheAwareFilter@75d0cac6, org.springframework.security.web.servletapi.SecurityContextHolderAwareRequestFilter@7657d29f, org.springframework.security.web.authentication.AnonymousAuthenticationFilter@544733a4, org.springframework.security.web.session.SessionManagementFilter@4505015b, org.springframework.security.web.access.ExceptionTranslationFilter@70cdbd18, org.springframework.security.web.access.intercept.FilterSecurityInterceptor@673a5aa7]
2022-07-30 13:39:57.491  INFO 6328 --- [main] o.s.b.w.embedded.tomcat.TomcatWebServer  : Tomcat started on port(s): 80 (http) with context path ''
2022-07-30 13:39:57.568  INFO 6328 --- [main] com.example.news_app.NewsAppApplication  : Started NewsAppApplication in 14.644 seconds (JVM running for 16.56)
2022-07-30 15:45:20.979  WARN 6328 --- [HikariPool-1 housekeeper] com.zaxxer.hikari.pool.HikariPool        : HikariPool-1 - Thread starvation or clock leap detected (housekeeper delta=1h39m30s283ms828µs360ns).
2022-07-30 15:45:29.867  INFO 6328 --- [SpringApplicationShutdownHook] j.LocalContainerEntityManagerFactoryBean : Closing JPA EntityManagerFactory for persistence unit 'default'
2022-07-30 15:45:29.908  INFO 6328 --- [SpringApplicationShutdownHook] com.zaxxer.hikari.HikariDataSource       : HikariPool-1 - Shutdown initiated...
2022-07-30 15:45:29.927  INFO 6328 --- [SpringApplicationShutdownHook] com.zaxxer.hikari.HikariDataSource       : HikariPool-1 - Shutdown completed.
